This file contains any messages produced by compilers while
running configure, to aid debugging if configure makes a mistake.

It was created by configure, which was
generated by GNU Autoconf 2.59.  Invocation command line was

  $ ./configure --with-jikes

## --------- ##
## Platform. ##
## --------- ##

hostname = haji
uname -m = i686
uname -r = 2.6.11.7
uname -s = Linux
uname -v = #6 Mon Apr 11 09:02:35 EEST 2005

/usr/bin/uname -p = Intel(R) Pentium(R) M processor 2.00GHz
/bin/uname -X     = unknown

/bin/arch              = i686
/usr/bin/arch -k       = unknown
/usr/convex/getsysinfo = unknown
hostinfo               = unknown
/bin/machine           = unknown
/usr/bin/oslevel       = unknown
/bin/universe          = unknown

PATH: /usr/local/bin
PATH: /usr/bin
PATH: /bin
PATH: /opt/bin
PATH: /usr/i686-pc-linux-gnu/gcc-bin/3.3.5
PATH: /opt/Acrobat5
PATH: /opt/sun-jdk-1.5.0.01/bin
PATH: /opt/sun-jdk-1.5.0.01/jre/bin
PATH: /usr/qt/3/bin
PATH: /usr/kde/3.3/bin
PATH: /usr/games/bin


## ----------- ##
## Core tests. ##
## ----------- ##

configure:1371: checking for a BSD-compatible install
configure:1426: result: /usr/bin/install -c
configure:1437: checking whether build environment is sane
configure:1480: result: yes
configure:1545: checking for gawk
configure:1561: found /usr/bin/gawk
configure:1571: result: gawk
configure:1581: checking whether make sets $(MAKE)
configure:1601: result: yes
configure:1879: checking build system type
configure:1897: result: i686-pc-linux-gnu
configure:1905: checking host system type
configure:1919: result: i686-pc-linux-gnu
configure:2060: checking for gcc
configure:2076: found /usr/bin/gcc
configure:2086: result: gcc
configure:2330: checking for C compiler version
configure:2333: gcc --version </dev/null >&5
gcc (GCC) 3.3.5  (Gentoo Linux 3.3.5-r1, ssp-3.3.2-3, pie-8.7.7.1)
Copyright (C) 2003 Free Software Foundation, Inc.
This is free software; see the source for copying conditions.  There is NO
warranty; not even for MERCHANTABILITY or FITNESS FOR A PARTICULAR PURPOSE.

configure:2336: $? = 0
configure:2338: gcc -v </dev/null >&5
Reading specs from /usr/lib/gcc-lib/i686-pc-linux-gnu/3.3.5/specs
Configured with: /var/tmp/portage/gcc-3.3.5-r1/work/gcc-3.3.5/configure --enable-version-specific-runtime-libs --prefix=/usr --bindir=/usr/i686-pc-linux-gnu/gcc-bin/3.3.5 --includedir=/usr/lib/gcc-lib/i686-pc-linux-gnu/3.3.5/include --datadir=/usr/share/gcc-data/i686-pc-linux-gnu/3.3.5 --mandir=/usr/share/gcc-data/i686-pc-linux-gnu/3.3.5/man --infodir=/usr/share/gcc-data/i686-pc-linux-gnu/3.3.5/info --with-gxx-include-dir=/usr/lib/gcc-lib/i686-pc-linux-gnu/3.3.5/include/g++-v3 --host=i686-pc-linux-gnu --disable-altivec --enable-nls --without-included-gettext --enable-__cxa_atexit --enable-clocale=gnu --with-system-zlib --disable-checking --disable-werror --disable-libunwind-exceptions --enable-shared --enable-threads=posix --disable-libgcj --enable-languages=c,c++,f77
Thread model: posix
gcc version 3.3.5  (Gentoo Linux 3.3.5-r1, ssp-3.3.2-3, pie-8.7.7.1)
configure:2341: $? = 0
configure:2343: gcc -V </dev/null >&5
gcc: `-V' option must have argument
configure:2346: $? = 1
configure:2369: checking for C compiler default output file name
configure:2372: gcc    conftest.c  >&5
configure:2375: $? = 0
configure:2421: result: a.out
configure:2426: checking whether the C compiler works
configure:2432: ./a.out
configure:2435: $? = 0
configure:2452: result: yes
configure:2459: checking whether we are cross compiling
configure:2461: result: no
configure:2464: checking for suffix of executables
configure:2466: gcc -o conftest    conftest.c  >&5
configure:2469: $? = 0
configure:2494: result: 
configure:2500: checking for suffix of object files
configure:2521: gcc -c   conftest.c >&5
configure:2524: $? = 0
configure:2546: result: o
configure:2550: checking whether we are using the GNU C compiler
configure:2574: gcc -c   conftest.c >&5
configure:2580: $? = 0
configure:2583: test -z 			 || test ! -s conftest.err
configure:2586: $? = 0
configure:2589: test -s conftest.o
configure:2592: $? = 0
configure:2605: result: yes
configure:2611: checking whether gcc accepts -g
configure:2632: gcc -c -g  conftest.c >&5
configure:2638: $? = 0
configure:2641: test -z 			 || test ! -s conftest.err
configure:2644: $? = 0
configure:2647: test -s conftest.o
configure:2650: $? = 0
configure:2661: result: yes
configure:2678: checking for gcc option to accept ANSI C
configure:2748: gcc  -c -g -O2  conftest.c >&5
configure:2754: $? = 0
configure:2757: test -z 			 || test ! -s conftest.err
configure:2760: $? = 0
configure:2763: test -s conftest.o
configure:2766: $? = 0
configure:2784: result: none needed
configure:2802: gcc -c -g -O2  conftest.c >&5
conftest.c:2: error: parse error before "me"
configure:2808: $? = 1
configure: failed program was:
| #ifndef __cplusplus
|   choke me
| #endif
configure:2949: checking for style of include used by make
configure:2977: result: GNU
configure:3005: checking dependency style of gcc
configure:3095: result: gcc3
configure:3153: checking for ranlib
configure:3169: found /usr/bin/ranlib
configure:3180: result: ranlib
configure:3204: checking for pthread_self in -lpthread
configure:3234: gcc -o conftest -g -O2   conftest.c -lpthread   >&5
configure:3240: $? = 0
configure:3243: test -z 			 || test ! -s conftest.err
configure:3246: $? = 0
configure:3249: test -s conftest
configure:3252: $? = 0
configure:3265: result: yes
configure:3281: checking for dlopen in -ldl
configure:3311: gcc -o conftest -g -O2   conftest.c -ldl  -lpthread  >&5
configure:3317: $? = 0
configure:3320: test -z 			 || test ! -s conftest.err
configure:3323: $? = 0
configure:3326: test -s conftest
configure:3329: $? = 0
configure:3342: result: yes
configure:3358: checking for fmod in -lm
configure:3388: gcc -o conftest -g -O2   conftest.c -lm  -ldl -lpthread  >&5
configure:3394: $? = 0
configure:3397: test -z 			 || test ! -s conftest.err
configure:3400: $? = 0
configure:3403: test -s conftest
configure:3406: $? = 0
configure:3419: result: yes
configure:3436: checking for inflate in -lz
configure:3466: gcc -o conftest -g -O2   conftest.c -lz  -lm -ldl -lpthread  >&5
configure:3472: $? = 0
configure:3475: test -z 			 || test ! -s conftest.err
configure:3478: $? = 0
configure:3481: test -s conftest
configure:3484: $? = 0
configure:3497: result: yes
configure:3520: checking how to run the C preprocessor
configure:3555: gcc -E  conftest.c
configure:3561: $? = 0
configure:3593: gcc -E  conftest.c
conftest.c:17:28: ac_nonexistent.h: No such file or directory
configure:3599: $? = 1
configure: failed program was:
| /* confdefs.h.  */
| 
| #define PACKAGE_NAME ""
| #define PACKAGE_TARNAME ""
| #define PACKAGE_VERSION ""
| #define PACKAGE_STRING ""
| #define PACKAGE_BUGREPORT ""
| #define PACKAGE "jamvm"
| #define VERSION "1.3.0"
| #define THREADED 1
| #define DIRECT 1
| #define HAVE_LIBPTHREAD 1
| #define HAVE_LIBDL 1
| #define HAVE_LIBM 1
| #define HAVE_LIBZ 1
| /* end confdefs.h.  */
| #include <ac_nonexistent.h>
configure:3638: result: gcc -E
configure:3662: gcc -E  conftest.c
configure:3668: $? = 0
configure:3700: gcc -E  conftest.c
conftest.c:17:28: ac_nonexistent.h: No such file or directory
configure:3706: $? = 1
configure: failed program was:
| /* confdefs.h.  */
| 
| #define PACKAGE_NAME ""
| #define PACKAGE_TARNAME ""
| #define PACKAGE_VERSION ""
| #define PACKAGE_STRING ""
| #define PACKAGE_BUGREPORT ""
| #define PACKAGE "jamvm"
| #define VERSION "1.3.0"
| #define THREADED 1
| #define DIRECT 1
| #define HAVE_LIBPTHREAD 1
| #define HAVE_LIBDL 1
| #define HAVE_LIBM 1
| #define HAVE_LIBZ 1
| /* end confdefs.h.  */
| #include <ac_nonexistent.h>
configure:3750: checking for egrep
configure:3760: result: grep -E
configure:3765: checking for ANSI C header files
configure:3790: gcc -c -g -O2  conftest.c >&5
configure:3796: $? = 0
configure:3799: test -z 			 || test ! -s conftest.err
configure:3802: $? = 0
configure:3805: test -s conftest.o
configure:3808: $? = 0
configure:3897: gcc -o conftest -g -O2   conftest.c -lz -lm -ldl -lpthread  >&5
configure:3900: $? = 0
configure:3902: ./conftest
configure:3905: $? = 0
configure:3920: result: yes
configure:3945: checking for sys/types.h
configure:3961: gcc -c -g -O2  conftest.c >&5
configure:3967: $? = 0
configure:3970: test -z 			 || test ! -s conftest.err
configure:3973: $? = 0
configure:3976: test -s conftest.o
configure:3979: $? = 0
configure:3990: result: yes
configure:3945: checking for sys/stat.h
configure:3961: gcc -c -g -O2  conftest.c >&5
configure:3967: $? = 0
configure:3970: test -z 			 || test ! -s conftest.err
configure:3973: $? = 0
configure:3976: test -s conftest.o
configure:3979: $? = 0
configure:3990: result: yes
configure:3945: checking for stdlib.h
configure:3961: gcc -c -g -O2  conftest.c >&5
configure:3967: $? = 0
configure:3970: test -z 			 || test ! -s conftest.err
configure:3973: $? = 0
configure:3976: test -s conftest.o
configure:3979: $? = 0
configure:3990: result: yes
configure:3945: checking for string.h
configure:3961: gcc -c -g -O2  conftest.c >&5
configure:3967: $? = 0
configure:3970: test -z 			 || test ! -s conftest.err
configure:3973: $? = 0
configure:3976: test -s conftest.o
configure:3979: $? = 0
configure:3990: result: yes
configure:3945: checking for memory.h
configure:3961: gcc -c -g -O2  conftest.c >&5
configure:3967: $? = 0
configure:3970: test -z 			 || test ! -s conftest.err
configure:3973: $? = 0
configure:3976: test -s conftest.o
configure:3979: $? = 0
configure:3990: result: yes
configure:3945: checking for strings.h
configure:3961: gcc -c -g -O2  conftest.c >&5
configure:3967: $? = 0
configure:3970: test -z 			 || test ! -s conftest.err
configure:3973: $? = 0
configure:3976: test -s conftest.o
configure:3979: $? = 0
configure:3990: result: yes
configure:3945: checking for inttypes.h
configure:3961: gcc -c -g -O2  conftest.c >&5
configure:3967: $? = 0
configure:3970: test -z 			 || test ! -s conftest.err
configure:3973: $? = 0
configure:3976: test -s conftest.o
configure:3979: $? = 0
configure:3990: result: yes
configure:3945: checking for stdint.h
configure:3961: gcc -c -g -O2  conftest.c >&5
configure:3967: $? = 0
configure:3970: test -z 			 || test ! -s conftest.err
configure:3973: $? = 0
configure:3976: test -s conftest.o
configure:3979: $? = 0
configure:3990: result: yes
configure:3945: checking for unistd.h
configure:3961: gcc -c -g -O2  conftest.c >&5
configure:3967: $? = 0
configure:3970: test -z 			 || test ! -s conftest.err
configure:3973: $? = 0
configure:3976: test -s conftest.o
configure:3979: $? = 0
configure:3990: result: yes
configure:4012: checking zlib.h usability
configure:4024: gcc -c -g -O2  conftest.c >&5
configure:4030: $? = 0
configure:4033: test -z 			 || test ! -s conftest.err
configure:4036: $? = 0
configure:4039: test -s conftest.o
configure:4042: $? = 0
configure:4052: result: yes
configure:4056: checking zlib.h presence
configure:4066: gcc -E  conftest.c
configure:4072: $? = 0
configure:4092: result: yes
configure:4127: checking for zlib.h
configure:4134: result: yes
configure:4185: checking sys/time.h usability
configure:4197: gcc -c -g -O2  conftest.c >&5
configure:4203: $? = 0
configure:4206: test -z 			 || test ! -s conftest.err
configure:4209: $? = 0
configure:4212: test -s conftest.o
configure:4215: $? = 0
configure:4225: result: yes
configure:4229: checking sys/time.h presence
configure:4239: gcc -E  conftest.c
configure:4245: $? = 0
configure:4265: result: yes
configure:4300: checking for sys/time.h
configure:4307: result: yes
configure:4176: checking for unistd.h
configure:4181: result: yes
configure:4185: checking endian.h usability
configure:4197: gcc -c -g -O2  conftest.c >&5
configure:4203: $? = 0
configure:4206: test -z 			 || test ! -s conftest.err
configure:4209: $? = 0
configure:4212: test -s conftest.o
configure:4215: $? = 0
configure:4225: result: yes
configure:4229: checking endian.h presence
configure:4239: gcc -E  conftest.c
configure:4245: $? = 0
configure:4265: result: yes
configure:4300: checking for endian.h
configure:4307: result: yes
configure:4185: checking sys/param.h usability
configure:4197: gcc -c -g -O2  conftest.c >&5
configure:4203: $? = 0
configure:4206: test -z 			 || test ! -s conftest.err
configure:4209: $? = 0
configure:4212: test -s conftest.o
configure:4215: $? = 0
configure:4225: result: yes
configure:4229: checking sys/param.h presence
configure:4239: gcc -E  conftest.c
configure:4245: $? = 0
configure:4265: result: yes
configure:4300: checking for sys/param.h
configure:4307: result: yes
configure:4185: checking locale.h usability
configure:4197: gcc -c -g -O2  conftest.c >&5
configure:4203: $? = 0
configure:4206: test -z 			 || test ! -s conftest.err
configure:4209: $? = 0
configure:4212: test -s conftest.o
configure:4215: $? = 0
configure:4225: result: yes
configure:4229: checking locale.h presence
configure:4239: gcc -E  conftest.c
configure:4245: $? = 0
configure:4265: result: yes
configure:4300: checking for locale.h
configure:4307: result: yes
configure:4321: checking for an ANSI C-conforming const
configure:4388: gcc -c -g -O2  conftest.c >&5
configure:4394: $? = 0
configure:4397: test -z 			 || test ! -s conftest.err
configure:4400: $? = 0
configure:4403: test -s conftest.o
configure:4406: $? = 0
configure:4417: result: yes
configure:4427: checking whether time.h and sys/time.h may both be included
configure:4452: gcc -c -g -O2  conftest.c >&5
configure:4458: $? = 0
configure:4461: test -z 			 || test ! -s conftest.err
configure:4464: $? = 0
configure:4467: test -s conftest.o
configure:4470: $? = 0
configure:4481: result: yes
configure:4494: checking for working alloca.h
configure:4515: gcc -o conftest -g -O2   conftest.c -lz -lm -ldl -lpthread  >&5
configure:4521: $? = 0
configure:4524: test -z 			 || test ! -s conftest.err
configure:4527: $? = 0
configure:4530: test -s conftest
configure:4533: $? = 0
configure:4545: result: yes
configure:4555: checking for alloca
configure:4596: gcc -o conftest -g -O2   conftest.c -lz -lm -ldl -lpthread  >&5
configure:4602: $? = 0
configure:4605: test -z 			 || test ! -s conftest.err
configure:4608: $? = 0
configure:4611: test -s conftest
configure:4614: $? = 0
configure:4626: result: yes
configure:4854: checking for stdlib.h
configure:4859: result: yes
configure:4854: checking for unistd.h
configure:4859: result: yes
configure:5002: checking for getpagesize
configure:5059: gcc -o conftest -g -O2   conftest.c -lz -lm -ldl -lpthread  >&5
configure:5065: $? = 0
configure:5068: test -z 			 || test ! -s conftest.err
configure:5071: $? = 0
configure:5074: test -s conftest
configure:5077: $? = 0
configure:5089: result: yes
configure:5099: checking for working mmap
configure:5241: gcc -o conftest -g -O2   conftest.c -lz -lm -ldl -lpthread  >&5
configure:5244: $? = 0
configure:5246: ./conftest
configure:5249: $? = 0
configure:5263: result: yes
configure:5280: checking for gettimeofday
configure:5337: gcc -o conftest -g -O2   conftest.c -lz -lm -ldl -lpthread  >&5
configure:5343: $? = 0
configure:5346: test -z 			 || test ! -s conftest.err
configure:5349: $? = 0
configure:5352: test -s conftest
configure:5355: $? = 0
configure:5367: result: yes
configure:5280: checking for strtol
configure:5337: gcc -o conftest -g -O2   conftest.c -lz -lm -ldl -lpthread  >&5
configure:5343: $? = 0
configure:5346: test -z 			 || test ! -s conftest.err
configure:5349: $? = 0
configure:5352: test -s conftest
configure:5355: $? = 0
configure:5367: result: yes
configure:5280: checking for setlocale
configure:5337: gcc -o conftest -g -O2   conftest.c -lz -lm -ldl -lpthread  >&5
configure:5343: $? = 0
configure:5346: test -z 			 || test ! -s conftest.err
configure:5349: $? = 0
configure:5352: test -s conftest
configure:5355: $? = 0
configure:5367: result: yes
configure:5378: checking for LC_MESSAGES
configure:5399: gcc -o conftest -g -O2   conftest.c -lz -lm -ldl -lpthread  >&5
configure:5405: $? = 0
configure:5408: test -z 			 || test ! -s conftest.err
configure:5411: $? = 0
configure:5414: test -s conftest
configure:5417: $? = 0
configure:5429: result: yes
configure:5586: creating ./config.status

## ---------------------- ##
## Running config.status. ##
## ---------------------- ##

This file was extended by config.status, which was
generated by GNU Autoconf 2.59.  Invocation command line was

  CONFIG_FILES    = 
  CONFIG_HEADERS  = 
  CONFIG_LINKS    = 
  CONFIG_COMMANDS = 
  $ ./config.status 

on haji

config.status:764: creating Makefile
config.status:764: creating src/Makefile
config.status:764: creating src/arch/Makefile
config.status:764: creating src/os/Makefile
config.status:764: creating src/os/linux/Makefile
config.status:764: creating src/os/darwin/Makefile
config.status:764: creating src/os/linux/powerpc/Makefile
config.status:764: creating src/os/linux/arm/Makefile
config.status:764: creating src/os/linux/i386/Makefile
config.status:764: creating src/os/darwin/powerpc/Makefile
config.status:764: creating lib/Makefile
config.status:764: creating lib/java/Makefile
config.status:764: creating lib/java/lang/Makefile
config.status:764: creating lib/jamvm/Makefile
config.status:764: creating lib/jamvm/java/Makefile
config.status:764: creating lib/jamvm/java/lang/Makefile
config.status:764: creating lib/java/lang/reflect/Makefile
config.status:764: creating lib/java/security/Makefile
config.status:764: creating lib/gnu/Makefile
config.status:764: creating lib/gnu/classpath/Makefile
config.status:808: linking ./src/arch/i386.h to src/arch.h
config.status:1045: executing depfiles commands

## ---------------- ##
## Cache variables. ##
## ---------------- ##

ac_cv_build=i686-pc-linux-gnu
ac_cv_build_alias=i686-pc-linux-gnu
ac_cv_c_compiler_gnu=yes
ac_cv_c_const=yes
ac_cv_env_CCASFLAGS_set=
ac_cv_env_CCASFLAGS_value=
ac_cv_env_CCAS_set=
ac_cv_env_CCAS_value=
ac_cv_env_CC_set=
ac_cv_env_CC_value=
ac_cv_env_CFLAGS_set=
ac_cv_env_CFLAGS_value=
ac_cv_env_CPPFLAGS_set=
ac_cv_env_CPPFLAGS_value=
ac_cv_env_CPP_set=
ac_cv_env_CPP_value=
ac_cv_env_LDFLAGS_set=
ac_cv_env_LDFLAGS_value=
ac_cv_env_build_alias_set=
ac_cv_env_build_alias_value=
ac_cv_env_host_alias_set=
ac_cv_env_host_alias_value=
ac_cv_env_target_alias_set=
ac_cv_env_target_alias_value=
ac_cv_exeext=
ac_cv_func_alloca_works=yes
ac_cv_func_getpagesize=yes
ac_cv_func_gettimeofday=yes
ac_cv_func_mmap_fixed_mapped=yes
ac_cv_func_setlocale=yes
ac_cv_func_strtol=yes
ac_cv_header_endian_h=yes
ac_cv_header_inttypes_h=yes
ac_cv_header_locale_h=yes
ac_cv_header_memory_h=yes
ac_cv_header_stdc=yes
ac_cv_header_stdint_h=yes
ac_cv_header_stdlib_h=yes
ac_cv_header_string_h=yes
ac_cv_header_strings_h=yes
ac_cv_header_sys_param_h=yes
ac_cv_header_sys_stat_h=yes
ac_cv_header_sys_time_h=yes
ac_cv_header_sys_types_h=yes
ac_cv_header_time=yes
ac_cv_header_unistd_h=yes
ac_cv_header_zlib_h=yes
ac_cv_host=i686-pc-linux-gnu
ac_cv_host_alias=i686-pc-linux-gnu
ac_cv_lib_dl_dlopen=yes
ac_cv_lib_m_fmod=yes
ac_cv_lib_pthread_pthread_self=yes
ac_cv_lib_z_inflate=yes
ac_cv_objext=o
ac_cv_path_install='/usr/bin/install -c'
ac_cv_prog_AWK=gawk
ac_cv_prog_CPP='gcc -E'
ac_cv_prog_ac_ct_CC=gcc
ac_cv_prog_ac_ct_RANLIB=ranlib
ac_cv_prog_cc_g=yes
ac_cv_prog_cc_stdc=
ac_cv_prog_egrep='grep -E'
ac_cv_prog_make_make_set=yes
ac_cv_working_alloca_h=yes
am_cv_CC_dependencies_compiler_type=gcc3
am_cv_val_LC_MESSAGES=yes

## ----------------- ##
## Output variables. ##
## ----------------- ##

ACLOCAL='${SHELL} /home/penberg/src/jamvm-1.3.0/missing --run aclocal-1.9'
ALLOCA=''
AMDEPBACKSLASH='\'
AMDEP_FALSE='#'
AMDEP_TRUE=''
AMTAR='${SHELL} /home/penberg/src/jamvm-1.3.0/missing --run tar'
AUTOCONF='${SHELL} /home/penberg/src/jamvm-1.3.0/missing --run autoconf'
AUTOHEADER='${SHELL} /home/penberg/src/jamvm-1.3.0/missing --run autoheader'
AUTOMAKE='${SHELL} /home/penberg/src/jamvm-1.3.0/missing --run automake-1.9'
AWK='gawk'
CC='gcc'
CCAS='gcc'
CCASFLAGS='-g -O2'
CCDEPMODE='depmode=gcc3'
CFLAGS='-g -O2'
CPP='gcc -E'
CPPFLAGS=''
CYGPATH_W='echo'
DEFS='-DPACKAGE_NAME=\"\" -DPACKAGE_TARNAME=\"\" -DPACKAGE_VERSION=\"\" -DPACKAGE_STRING=\"\" -DPACKAGE_BUGREPORT=\"\" -DPACKAGE=\"jamvm\" -DVERSION=\"1.3.0\" -DTHREADED=1 -DDIRECT=1 -DHAVE_LIBPTHREAD=1 -DHAVE_LIBDL=1 -DHAVE_LIBM=1 -DHAVE_LIBZ=1 -DSTDC_HEADERS=1 -DHAVE_SYS_TYPES_H=1 -DHAVE_SYS_STAT_H=1 -DHAVE_STDLIB_H=1 -DHAVE_STRING_H=1 -DHAVE_MEMORY_H=1 -DHAVE_STRINGS_H=1 -DHAVE_INTTYPES_H=1 -DHAVE_STDINT_H=1 -DHAVE_UNISTD_H=1 -DUSE_ZIP=1 -DHAVE_SYS_TIME_H=1 -DHAVE_UNISTD_H=1 -DHAVE_ENDIAN_H=1 -DHAVE_SYS_PARAM_H=1 -DHAVE_LOCALE_H=1 -DTIME_WITH_SYS_TIME=1 -DHAVE_ALLOCA_H=1 -DHAVE_ALLOCA=1 -DHAVE_STDLIB_H=1 -DHAVE_UNISTD_H=1 -DHAVE_GETPAGESIZE=1 -DHAVE_MMAP=1 -DHAVE_GETTIMEOFDAY=1 -DHAVE_STRTOL=1 -DHAVE_SETLOCALE=1 -DHAVE_LC_MESSAGES=1 '
DEPDIR='.deps'
ECHO_C=''
ECHO_N='-n'
ECHO_T=''
EGREP='grep -E'
EXEEXT=''
INSTALL_DATA='${INSTALL} -m 644'
INSTALL_PROGRAM='${INSTALL}'
INSTALL_SCRIPT='${INSTALL}'
INSTALL_STRIP_PROGRAM='${SHELL} $(install_sh) -c -s'
LDFLAGS=''
LIBOBJS=''
LIBS='-lz -lm -ldl -lpthread '
LTLIBOBJS=''
MAKEINFO='${SHELL} /home/penberg/src/jamvm-1.3.0/missing --run makeinfo'
OBJEXT='o'
PACKAGE='jamvm'
PACKAGE_BUGREPORT=''
PACKAGE_NAME=''
PACKAGE_STRING=''
PACKAGE_TARNAME=''
PACKAGE_VERSION=''
PATH_SEPARATOR=':'
RANLIB='ranlib'
SET_MAKE=''
SHELL='/bin/sh'
STRIP=''
VERSION='1.3.0'
ac_ct_CC='gcc'
ac_ct_RANLIB='ranlib'
ac_ct_STRIP=''
am__fastdepCC_FALSE='#'
am__fastdepCC_TRUE=''
am__include='include'
am__leading_dot='.'
am__quote=''
am__tar='${AMTAR} chof - "$$tardir"'
am__untar='${AMTAR} xf -'
arch='i386'
bindir='${exec_prefix}/bin'
build='i686-pc-linux-gnu'
build_alias=''
build_cpu='i686'
build_os='linux-gnu'
build_vendor='pc'
datadir='${prefix}/share'
exec_prefix='${prefix}'
extra_libs='-lz'
host='i686-pc-linux-gnu'
host_alias=''
host_cpu='i386'
host_os='linux'
host_vendor='pc'
includedir='${prefix}/include'
infodir='${prefix}/info'
install_sh='/home/penberg/src/jamvm-1.3.0/install-sh'
libdir='${exec_prefix}/lib'
libexecdir='${exec_prefix}/libexec'
localstatedir='${prefix}/var'
mandir='${prefix}/man'
mkdir_p='mkdir -p --'
oldincludedir='/usr/include'
os='linux'
prefix='/usr/local'
program_transform_name='s,x,x,'
sbindir='${exec_prefix}/sbin'
sharedstatedir='${prefix}/com'
sysconfdir='${prefix}/etc'
target_alias=''
use_zip_no='#'
use_zip_yes=''
with_classpath_install_dir='/usr/local/classpath'

## ----------- ##
## confdefs.h. ##
## ----------- ##

#define DIRECT 1
#define HAVE_ALLOCA 1
#define HAVE_ALLOCA_H 1
#define HAVE_ENDIAN_H 1
#define HAVE_GETPAGESIZE 1
#define HAVE_GETTIMEOFDAY 1
#define HAVE_INTTYPES_H 1
#define HAVE_LC_MESSAGES 1
#define HAVE_LIBDL 1
#define HAVE_LIBM 1
#define HAVE_LIBPTHREAD 1
#define HAVE_LIBZ 1
#define HAVE_LOCALE_H 1
#define HAVE_MEMORY_H 1
#define HAVE_MMAP 1
#define HAVE_SETLOCALE 1
#define HAVE_STDINT_H 1
#define HAVE_STDLIB_H 1
#define HAVE_STDLIB_H 1
#define HAVE_STRINGS_H 1
#define HAVE_STRING_H 1
#define HAVE_STRTOL 1
#define HAVE_SYS_PARAM_H 1
#define HAVE_SYS_STAT_H 1
#define HAVE_SYS_TIME_H 1
#define HAVE_SYS_TYPES_H 1
#define HAVE_UNISTD_H 1
#define HAVE_UNISTD_H 1
#define HAVE_UNISTD_H 1
#define PACKAGE "jamvm"
#define PACKAGE_BUGREPORT ""
#define PACKAGE_NAME ""
#define PACKAGE_STRING ""
#define PACKAGE_TARNAME ""
#define PACKAGE_VERSION ""
#define STDC_HEADERS 1
#define THREADED 1
#define TIME_WITH_SYS_TIME 1
#define USE_ZIP 1
#define VERSION "1.3.0"

configure: exit 0
